[2020-05-21 09:58:34] production.ERROR: Symfony\Component\Debug\Exception\FatalThrowableError: Parse error: syntax error, unexpected ')', expecting variable (T_VARIABLE) in /var/www/html/crm/front/app/Http/Controllers/FrontController.php:595
Stack trace:
#0 /var/www/html/crm/front/vendor/composer/ClassLoader.php(301): Composer\Autoload\includeFile('/var/www/html/c...')
#1 [internal function]: Composer\Autoload\ClassLoader->loadClass('App\\Http\\Contro...')
#2 [internal function]: spl_autoload_call('App\\Http\\Contro...')
#3 /var/www/html/crm/front/vendor/laravel/framework/src/Illuminate/Routing/Route.php(280): ReflectionMethod->__construct('App\\Http\\Contro...', 'newsLetter')
#4 /var/www/html/crm/front/vendor/laravel/framework/src/Illuminate/Routing/Router.php(858): Illuminate\Routing\Route->signatureParameters('Illuminate\\Data...')
#5 /var/www/html/crm/front/vendor/laravel/framework/src/Illuminate/Routing/Router.php(843): Illuminate\Routing\Router->substituteImplicitBindings(Object(Illuminate\Routing\Route))
#6 /var/www/html/crm/front/vendor/laravel/framework/src/Illuminate/Routing/Router.php(826): Illuminate\Routing\Router->substituteBindings(Object(Illuminate\Routing\Route))
#7 /var/www/html/crm/front/vendor/laravel/framework/src/Illuminate/Routing/Router.php(691): Illuminate\Routing\Router->findRoute(Object(Illuminate\Http\Request))
#8 /var/www/html/crm/front/vendor/laravel/framework/src/Illuminate/Routing/Router.php(675): Illuminate\Routing\Router->dispatchToRoute(Object(Illuminate\Http\Request))
#9 /var/www/html/crm/front/vendor/laravel/framework/src/Illuminate/Foundation/Http/Kernel.php(246): Illuminate\Routing\Router->dispatch(Object(Illuminate\Http\Request))
#10 [internal function]: Illuminate\Foundation\Http\Kernel->Illuminate\Foundation\Http\{closure}(Object(Illuminate\Http\Request))
#11 /var/www/html/crm/front/vendor/laravel/framework/src/Illuminate/Routing/Pipeline.php(52): call_user_func(Object(Closure), Object(Illuminate\Http\Request))
#12 /var/www/html/crm/front/vendor/barryvdh/laravel-debugbar/src/Middleware/Debugbar.php(51): Illuminate\Routing\Pipeline->Illuminate\Routing\{closure}(Object(Illuminate\Http\Request))
#13 [internal function]: Barryvdh\Debugbar\Middleware\Debugbar->handle(Object(Illuminate\Http\Request), Object(Closure))
#14 /var/www/html/crm/front/vendor/laravel/framework/src/Illuminate/Pipeline/Pipeline.php(136): call_user_func_array(Array, Array)
#15 [internal function]: Illuminate\Pipeline\Pipeline->Illuminate\Pipeline\{closure}(Object(Illuminate\Http\Request))
#16 /var/www/html/crm/front/vendor/laravel/framework/src/Illuminate/Routing/Pipeline.php(32): call_user_func(Object(Closure), Object(Illuminate\Http\Request))
#17 /var/www/html/crm/front/vendor/laravel/framework/src/Illuminate/Foundation/Http/Middleware/CheckForMaintenanceMode.php(44): Illuminate\Routing\Pipeline->Illuminate\Routing\{closure}(Object(Illuminate\Http\Request))
#18 [internal function]: Illuminate\Foundation\Http\Middleware\CheckForMaintenanceMode->handle(Object(Illuminate\Http\Request), Object(Closure))
#19 /var/www/html/crm/front/vendor/laravel/framework/src/Illuminate/Pipeline/Pipeline.php(136): call_user_func_array(Array, Array)
#20 [internal function]: Illuminate\Pipeline\Pipeline->Illuminate\Pipeline\{closure}(Object(Illuminate\Http\Request))
#21 /var/www/html/crm/front/vendor/laravel/framework/src/Illuminate/Routing/Pipeline.php(32): call_user_func(Object(Closure), Object(Illuminate\Http\Request))
#22 [internal function]: Illuminate\Routing\Pipeline->Illuminate\Routing\{closure}(Object(Illuminate\Http\Request))
#23 /var/www/html/crm/front/vendor/laravel/framework/src/Illuminate/Pipeline/Pipeline.php(102): call_user_func(Object(Closure), Object(Illuminate\Http\Request))
#24 /var/www/html/crm/front/vendor/laravel/framework/src/Illuminate/Foundation/Http/Kernel.php(132): Illuminate\Pipeline\Pipeline->then(Object(Closure))
#25 /var/www/html/crm/front/vendor/laravel/framework/src/Illuminate/Foundation/Http/Kernel.php(99): Illuminate\Foundation\Http\Kernel->sendRequestThroughRouter(Object(Illuminate\Http\Request))
#26 /var/www/html/crm/front/index.php(52): Illuminate\Foundation\Http\Kernel->handle(Object(Illuminate\Http\Request))
#27 {main}  
[2020-05-21 09:58:34] production.ERROR: Symfony\Component\Debug\Exception\FatalThrowableError: Parse error: syntax error, unexpected ')', expecting variable (T_VARIABLE) in /var/www/html/crm/front/app/Http/Controllers/FrontController.php:595
Stack trace:
#0 /var/www/html/crm/front/vendor/composer/ClassLoader.php(301): Composer\Autoload\includeFile('/var/www/html/c...')
#1 [internal function]: Composer\Autoload\ClassLoader->loadClass('App\\Http\\Contro...')
#2 [internal function]: spl_autoload_call('App\\Http\\Contro...')
#3 /var/www/html/crm/front/vendor/barryvdh/laravel-debugbar/src/DataCollector/IlluminateRouteCollector.php(63): class_exists('App\\Http\\Contro...')
#4 /var/www/html/crm/front/vendor/barryvdh/laravel-debugbar/src/DataCollector/IlluminateRouteCollector.php(37): Barryvdh\Debugbar\DataCollector\IlluminateRouteCollector->getRouteInformation(Object(Illuminate\Routing\Route))
#5 /var/www/html/crm/front/vendor/barryvdh/laravel-debugbar/src/LaravelDebugbar.php(795): Barryvdh\Debugbar\DataCollector\IlluminateRouteCollector->collect()
#6 /var/www/html/crm/front/vendor/maximebf/debugbar/src/DebugBar/DebugBar.php(265): Barryvdh\Debugbar\LaravelDebugbar->collect()
#7 /var/www/html/crm/front/vendor/maximebf/debugbar/src/DebugBar/JavascriptRenderer.php(991): DebugBar\DebugBar->getData()
#8 /var/www/html/crm/front/vendor/barryvdh/laravel-debugbar/src/LaravelDebugbar.php(831): DebugBar\JavascriptRenderer->render()
#9 /var/www/html/crm/front/vendor/barryvdh/laravel-debugbar/src/LaravelDebugbar.php(723): Barryvdh\Debugbar\LaravelDebugbar->injectDebugbar(Object(Illuminate\Http\Response))
#10 /var/www/html/crm/front/vendor/barryvdh/laravel-debugbar/src/Middleware/Debugbar.php(60): Barryvdh\Debugbar\LaravelDebugbar->modifyResponse(Object(Illuminate\Http\Request), Object(Illuminate\Http\Response))
#11 [internal function]: Barryvdh\Debugbar\Middleware\Debugbar->handle(Object(Illuminate\Http\Request), Object(Closure))
#12 /var/www/html/crm/front/vendor/laravel/framework/src/Illuminate/Pipeline/Pipeline.php(136): call_user_func_array(Array, Array)
#13 [internal function]: Illuminate\Pipeline\Pipeline->Illuminate\Pipeline\{closure}(Object(Illuminate\Http\Request))
#14 /var/www/html/crm/front/vendor/laravel/framework/src/Illuminate/Routing/Pipeline.php(32): call_user_func(Object(Closure), Object(Illuminate\Http\Request))
#15 /var/www/html/crm/front/vendor/laravel/framework/src/Illuminate/Foundation/Http/Middleware/CheckForMaintenanceMode.php(44): Illuminate\Routing\Pipeline->Illuminate\Routing\{closure}(Object(Illuminate\Http\Request))
#16 [internal function]: Illuminate\Foundation\Http\Middleware\CheckForMaintenanceMode->handle(Object(Illuminate\Http\Request), Object(Closure))
#17 /var/www/html/crm/front/vendor/laravel/framework/src/Illuminate/Pipeline/Pipeline.php(136): call_user_func_array(Array, Array)
#18 [internal function]: Illuminate\Pipeline\Pipeline->Illuminate\Pipeline\{closure}(Object(Illuminate\Http\Request))
#19 /var/www/html/crm/front/vendor/laravel/framework/src/Illuminate/Routing/Pipeline.php(32): call_user_func(Object(Closure), Object(Illuminate\Http\Request))
#20 [internal function]: Illuminate\Routing\Pipeline->Illuminate\Routing\{closure}(Object(Illuminate\Http\Request))
#21 /var/www/html/crm/front/vendor/laravel/framework/src/Illuminate/Pipeline/Pipeline.php(102): call_user_func(Object(Closure), Object(Illuminate\Http\Request))
#22 /var/www/html/crm/front/vendor/laravel/framework/src/Illuminate/Foundation/Http/Kernel.php(132): Illuminate\Pipeline\Pipeline->then(Object(Closure))
#23 /var/www/html/crm/front/vendor/laravel/framework/src/Illuminate/Foundation/Http/Kernel.php(99): Illuminate\Foundation\Http\Kernel->sendRequestThroughRouter(Object(Illuminate\Http\Request))
#24 /var/www/html/crm/front/index.php(52): Illuminate\Foundation\Http\Kernel->handle(Object(Illuminate\Http\Request))
#25 {main}  
[2020-05-21 09:58:44] production.ERROR: Symfony\Component\Debug\Exception\FatalThrowableError: Parse error: syntax error, unexpected '$email' (T_VARIABLE), expecting ')' in /var/www/html/crm/front/app/Http/Controllers/FrontController.php:636
Stack trace:
#0 /var/www/html/crm/front/vendor/composer/ClassLoader.php(301): Composer\Autoload\includeFile('/var/www/html/c...')
#1 [internal function]: Composer\Autoload\ClassLoader->loadClass('App\\Http\\Contro...')
#2 [internal function]: spl_autoload_call('App\\Http\\Contro...')
#3 /var/www/html/crm/front/vendor/laravel/framework/src/Illuminate/Routing/Route.php(280): ReflectionMethod->__construct('App\\Http\\Contro...', 'newsLetter')
#4 /var/www/html/crm/front/vendor/laravel/framework/src/Illuminate/Routing/Router.php(858): Illuminate\Routing\Route->signatureParameters('Illuminate\\Data...')
#5 /var/www/html/crm/front/vendor/laravel/framework/src/Illuminate/Routing/Router.php(843): Illuminate\Routing\Router->substituteImplicitBindings(Object(Illuminate\Routing\Route))
#6 /var/www/html/crm/front/vendor/laravel/framework/src/Illuminate/Routing/Router.php(826): Illuminate\Routing\Router->substituteBindings(Object(Illuminate\Routing\Route))
#7 /var/www/html/crm/front/vendor/laravel/framework/src/Illuminate/Routing/Router.php(691): Illuminate\Routing\Router->findRoute(Object(Illuminate\Http\Request))
#8 /var/www/html/crm/front/vendor/laravel/framework/src/Illuminate/Routing/Router.php(675): Illuminate\Routing\Router->dispatchToRoute(Object(Illuminate\Http\Request))
#9 /var/www/html/crm/front/vendor/laravel/framework/src/Illuminate/Foundation/Http/Kernel.php(246): Illuminate\Routing\Router->dispatch(Object(Illuminate\Http\Request))
#10 [internal function]: Illuminate\Foundation\Http\Kernel->Illuminate\Foundation\Http\{closure}(Object(Illuminate\Http\Request))
#11 /var/www/html/crm/front/vendor/laravel/framework/src/Illuminate/Routing/Pipeline.php(52): call_user_func(Object(Closure), Object(Illuminate\Http\Request))
#12 /var/www/html/crm/front/vendor/barryvdh/laravel-debugbar/src/Middleware/Debugbar.php(51): Illuminate\Routing\Pipeline->Illuminate\Routing\{closure}(Object(Illuminate\Http\Request))
#13 [internal function]: Barryvdh\Debugbar\Middleware\Debugbar->handle(Object(Illuminate\Http\Request), Object(Closure))
#14 /var/www/html/crm/front/vendor/laravel/framework/src/Illuminate/Pipeline/Pipeline.php(136): call_user_func_array(Array, Array)
#15 [internal function]: Illuminate\Pipeline\Pipeline->Illuminate\Pipeline\{closure}(Object(Illuminate\Http\Request))
#16 /var/www/html/crm/front/vendor/laravel/framework/src/Illuminate/Routing/Pipeline.php(32): call_user_func(Object(Closure), Object(Illuminate\Http\Request))
#17 /var/www/html/crm/front/vendor/laravel/framework/src/Illuminate/Foundation/Http/Middleware/CheckForMaintenanceMode.php(44): Illuminate\Routing\Pipeline->Illuminate\Routing\{closure}(Object(Illuminate\Http\Request))
#18 [internal function]: Illuminate\Foundation\Http\Middleware\CheckForMaintenanceMode->handle(Object(Illuminate\Http\Request), Object(Closure))
#19 /var/www/html/crm/front/vendor/laravel/framework/src/Illuminate/Pipeline/Pipeline.php(136): call_user_func_array(Array, Array)
#20 [internal function]: Illuminate\Pipeline\Pipeline->Illuminate\Pipeline\{closure}(Object(Illuminate\Http\Request))
#21 /var/www/html/crm/front/vendor/laravel/framework/src/Illuminate/Routing/Pipeline.php(32): call_user_func(Object(Closure), Object(Illuminate\Http\Request))
#22 [internal function]: Illuminate\Routing\Pipeline->Illuminate\Routing\{closure}(Object(Illuminate\Http\Request))
#23 /var/www/html/crm/front/vendor/laravel/framework/src/Illuminate/Pipeline/Pipeline.php(102): call_user_func(Object(Closure), Object(Illuminate\Http\Request))
#24 /var/www/html/crm/front/vendor/laravel/framework/src/Illuminate/Foundation/Http/Kernel.php(132): Illuminate\Pipeline\Pipeline->then(Object(Closure))
#25 /var/www/html/crm/front/vendor/laravel/framework/src/Illuminate/Foundation/Http/Kernel.php(99): Illuminate\Foundation\Http\Kernel->sendRequestThroughRouter(Object(Illuminate\Http\Request))
#26 /var/www/html/crm/front/index.php(52): Illuminate\Foundation\Http\Kernel->handle(Object(Illuminate\Http\Request))
#27 {main}  
[2020-05-21 09:58:44] production.ERROR: Symfony\Component\Debug\Exception\FatalThrowableError: Parse error: syntax error, unexpected '$email' (T_VARIABLE), expecting ')' in /var/www/html/crm/front/app/Http/Controllers/FrontController.php:636
Stack trace:
#0 /var/www/html/crm/front/vendor/composer/ClassLoader.php(301): Composer\Autoload\includeFile('/var/www/html/c...')
#1 [internal function]: Composer\Autoload\ClassLoader->loadClass('App\\Http\\Contro...')
#2 [internal function]: spl_autoload_call('App\\Http\\Contro...')
#3 /var/www/html/crm/front/vendor/barryvdh/laravel-debugbar/src/DataCollector/IlluminateRouteCollector.php(63): class_exists('App\\Http\\Contro...')
#4 /var/www/html/crm/front/vendor/barryvdh/laravel-debugbar/src/DataCollector/IlluminateRouteCollector.php(37): Barryvdh\Debugbar\DataCollector\IlluminateRouteCollector->getRouteInformation(Object(Illuminate\Routing\Route))
#5 /var/www/html/crm/front/vendor/barryvdh/laravel-debugbar/src/LaravelDebugbar.php(795): Barryvdh\Debugbar\DataCollector\IlluminateRouteCollector->collect()
#6 /var/www/html/crm/front/vendor/maximebf/debugbar/src/DebugBar/DebugBar.php(265): Barryvdh\Debugbar\LaravelDebugbar->collect()
#7 /var/www/html/crm/front/vendor/maximebf/debugbar/src/DebugBar/JavascriptRenderer.php(991): DebugBar\DebugBar->getData()
#8 /var/www/html/crm/front/vendor/barryvdh/laravel-debugbar/src/LaravelDebugbar.php(831): DebugBar\JavascriptRenderer->render()
#9 /var/www/html/crm/front/vendor/barryvdh/laravel-debugbar/src/LaravelDebugbar.php(723): Barryvdh\Debugbar\LaravelDebugbar->injectDebugbar(Object(Illuminate\Http\Response))
#10 /var/www/html/crm/front/vendor/barryvdh/laravel-debugbar/src/Middleware/Debugbar.php(60): Barryvdh\Debugbar\LaravelDebugbar->modifyResponse(Object(Illuminate\Http\Request), Object(Illuminate\Http\Response))
#11 [internal function]: Barryvdh\Debugbar\Middleware\Debugbar->handle(Object(Illuminate\Http\Request), Object(Closure))
#12 /var/www/html/crm/front/vendor/laravel/framework/src/Illuminate/Pipeline/Pipeline.php(136): call_user_func_array(Array, Array)
#13 [internal function]: Illuminate\Pipeline\Pipeline->Illuminate\Pipeline\{closure}(Object(Illuminate\Http\Request))
#14 /var/www/html/crm/front/vendor/laravel/framework/src/Illuminate/Routing/Pipeline.php(32): call_user_func(Object(Closure), Object(Illuminate\Http\Request))
#15 /var/www/html/crm/front/vendor/laravel/framework/src/Illuminate/Foundation/Http/Middleware/CheckForMaintenanceMode.php(44): Illuminate\Routing\Pipeline->Illuminate\Routing\{closure}(Object(Illuminate\Http\Request))
#16 [internal function]: Illuminate\Foundation\Http\Middleware\CheckForMaintenanceMode->handle(Object(Illuminate\Http\Request), Object(Closure))
#17 /var/www/html/crm/front/vendor/laravel/framework/src/Illuminate/Pipeline/Pipeline.php(136): call_user_func_array(Array, Array)
#18 [internal function]: Illuminate\Pipeline\Pipeline->Illuminate\Pipeline\{closure}(Object(Illuminate\Http\Request))
#19 /var/www/html/crm/front/vendor/laravel/framework/src/Illuminate/Routing/Pipeline.php(32): call_user_func(Object(Closure), Object(Illuminate\Http\Request))
#20 [internal function]: Illuminate\Routing\Pipeline->Illuminate\Routing\{closure}(Object(Illuminate\Http\Request))
#21 /var/www/html/crm/front/vendor/laravel/framework/src/Illuminate/Pipeline/Pipeline.php(102): call_user_func(Object(Closure), Object(Illuminate\Http\Request))
#22 /var/www/html/crm/front/vendor/laravel/framework/src/Illuminate/Foundation/Http/Kernel.php(132): Illuminate\Pipeline\Pipeline->then(Object(Closure))
#23 /var/www/html/crm/front/vendor/laravel/framework/src/Illuminate/Foundation/Http/Kernel.php(99): Illuminate\Foundation\Http\Kernel->sendRequestThroughRouter(Object(Illuminate\Http\Request))
#24 /var/www/html/crm/front/index.php(52): Illuminate\Foundation\Http\Kernel->handle(Object(Illuminate\Http\Request))
#25 {main}  
[2020-05-21 09:59:11] production.ERROR: Symfony\Component\Debug\Exception\FatalThrowableError: Parse error: syntax error, unexpected ')', expecting variable (T_VARIABLE) in /var/www/html/crm/front/app/Http/Controllers/FrontController.php:595
Stack trace:
#0 /var/www/html/crm/front/vendor/composer/ClassLoader.php(301): Composer\Autoload\includeFile('/var/www/html/c...')
#1 [internal function]: Composer\Autoload\ClassLoader->loadClass('App\\Http\\Contro...')
#2 [internal function]: spl_autoload_call('App\\Http\\Contro...')
#3 /var/www/html/crm/front/vendor/laravel/framework/src/Illuminate/Routing/Route.php(280): ReflectionMethod->__construct('App\\Http\\Contro...', 'newsLetter')
#4 /var/www/html/crm/front/vendor/laravel/framework/src/Illuminate/Routing/Router.php(858): Illuminate\Routing\Route->signatureParameters('Illuminate\\Data...')
#5 /var/www/html/crm/front/vendor/laravel/framework/src/Illuminate/Routing/Router.php(843): Illuminate\Routing\Router->substituteImplicitBindings(Object(Illuminate\Routing\Route))
#6 /var/www/html/crm/front/vendor/laravel/framework/src/Illuminate/Routing/Router.php(826): Illuminate\Routing\Router->substituteBindings(Object(Illuminate\Routing\Route))
#7 /var/www/html/crm/front/vendor/laravel/framework/src/Illuminate/Routing/Router.php(691): Illuminate\Routing\Router->findRoute(Object(Illuminate\Http\Request))
#8 /var/www/html/crm/front/vendor/laravel/framework/src/Illuminate/Routing/Router.php(675): Illuminate\Routing\Router->dispatchToRoute(Object(Illuminate\Http\Request))
#9 /var/www/html/crm/front/vendor/laravel/framework/src/Illuminate/Foundation/Http/Kernel.php(246): Illuminate\Routing\Router->dispatch(Object(Illuminate\Http\Request))
#10 [internal function]: Illuminate\Foundation\Http\Kernel->Illuminate\Foundation\Http\{closure}(Object(Illuminate\Http\Request))
#11 /var/www/html/crm/front/vendor/laravel/framework/src/Illuminate/Routing/Pipeline.php(52): call_user_func(Object(Closure), Object(Illuminate\Http\Request))
#12 /var/www/html/crm/front/vendor/barryvdh/laravel-debugbar/src/Middleware/Debugbar.php(51): Illuminate\Routing\Pipeline->Illuminate\Routing\{closure}(Object(Illuminate\Http\Request))
#13 [internal function]: Barryvdh\Debugbar\Middleware\Debugbar->handle(Object(Illuminate\Http\Request), Object(Closure))
#14 /var/www/html/crm/front/vendor/laravel/framework/src/Illuminate/Pipeline/Pipeline.php(136): call_user_func_array(Array, Array)
#15 [internal function]: Illuminate\Pipeline\Pipeline->Illuminate\Pipeline\{closure}(Object(Illuminate\Http\Request))
#16 /var/www/html/crm/front/vendor/laravel/framework/src/Illuminate/Routing/Pipeline.php(32): call_user_func(Object(Closure), Object(Illuminate\Http\Request))
#17 /var/www/html/crm/front/vendor/laravel/framework/src/Illuminate/Foundation/Http/Middleware/CheckForMaintenanceMode.php(44): Illuminate\Routing\Pipeline->Illuminate\Routing\{closure}(Object(Illuminate\Http\Request))
#18 [internal function]: Illuminate\Foundation\Http\Middleware\CheckForMaintenanceMode->handle(Object(Illuminate\Http\Request), Object(Closure))
#19 /var/www/html/crm/front/vendor/laravel/framework/src/Illuminate/Pipeline/Pipeline.php(136): call_user_func_array(Array, Array)
#20 [internal function]: Illuminate\Pipeline\Pipeline->Illuminate\Pipeline\{closure}(Object(Illuminate\Http\Request))
#21 /var/www/html/crm/front/vendor/laravel/framework/src/Illuminate/Routing/Pipeline.php(32): call_user_func(Object(Closure), Object(Illuminate\Http\Request))
#22 [internal function]: Illuminate\Routing\Pipeline->Illuminate\Routing\{closure}(Object(Illuminate\Http\Request))
#23 /var/www/html/crm/front/vendor/laravel/framework/src/Illuminate/Pipeline/Pipeline.php(102): call_user_func(Object(Closure), Object(Illuminate\Http\Request))
#24 /var/www/html/crm/front/vendor/laravel/framework/src/Illuminate/Foundation/Http/Kernel.php(132): Illuminate\Pipeline\Pipeline->then(Object(Closure))
#25 /var/www/html/crm/front/vendor/laravel/framework/src/Illuminate/Foundation/Http/Kernel.php(99): Illuminate\Foundation\Http\Kernel->sendRequestThroughRouter(Object(Illuminate\Http\Request))
#26 /var/www/html/crm/front/index.php(52): Illuminate\Foundation\Http\Kernel->handle(Object(Illuminate\Http\Request))
#27 {main}  
[2020-05-21 09:59:12] production.ERROR: Symfony\Component\Debug\Exception\FatalThrowableError: Parse error: syntax error, unexpected ')', expecting variable (T_VARIABLE) in /var/www/html/crm/front/app/Http/Controllers/FrontController.php:595
Stack trace:
#0 /var/www/html/crm/front/vendor/composer/ClassLoader.php(301): Composer\Autoload\includeFile('/var/www/html/c...')
#1 [internal function]: Composer\Autoload\ClassLoader->loadClass('App\\Http\\Contro...')
#2 [internal function]: spl_autoload_call('App\\Http\\Contro...')
#3 /var/www/html/crm/front/vendor/barryvdh/laravel-debugbar/src/DataCollector/IlluminateRouteCollector.php(63): class_exists('App\\Http\\Contro...')
#4 /var/www/html/crm/front/vendor/barryvdh/laravel-debugbar/src/DataCollector/IlluminateRouteCollector.php(37): Barryvdh\Debugbar\DataCollector\IlluminateRouteCollector->getRouteInformation(Object(Illuminate\Routing\Route))
#5 /var/www/html/crm/front/vendor/barryvdh/laravel-debugbar/src/LaravelDebugbar.php(795): Barryvdh\Debugbar\DataCollector\IlluminateRouteCollector->collect()
#6 /var/www/html/crm/front/vendor/maximebf/debugbar/src/DebugBar/DebugBar.php(265): Barryvdh\Debugbar\LaravelDebugbar->collect()
#7 /var/www/html/crm/front/vendor/maximebf/debugbar/src/DebugBar/JavascriptRenderer.php(991): DebugBar\DebugBar->getData()
#8 /var/www/html/crm/front/vendor/barryvdh/laravel-debugbar/src/LaravelDebugbar.php(831): DebugBar\JavascriptRenderer->render()
#9 /var/www/html/crm/front/vendor/barryvdh/laravel-debugbar/src/LaravelDebugbar.php(723): Barryvdh\Debugbar\LaravelDebugbar->injectDebugbar(Object(Illuminate\Http\Response))
#10 /var/www/html/crm/front/vendor/barryvdh/laravel-debugbar/src/Middleware/Debugbar.php(60): Barryvdh\Debugbar\LaravelDebugbar->modifyResponse(Object(Illuminate\Http\Request), Object(Illuminate\Http\Response))
#11 [internal function]: Barryvdh\Debugbar\Middleware\Debugbar->handle(Object(Illuminate\Http\Request), Object(Closure))
#12 /var/www/html/crm/front/vendor/laravel/framework/src/Illuminate/Pipeline/Pipeline.php(136): call_user_func_array(Array, Array)
#13 [internal function]: Illuminate\Pipeline\Pipeline->Illuminate\Pipeline\{closure}(Object(Illuminate\Http\Request))
#14 /var/www/html/crm/front/vendor/laravel/framework/src/Illuminate/Routing/Pipeline.php(32): call_user_func(Object(Closure), Object(Illuminate\Http\Request))
#15 /var/www/html/crm/front/vendor/laravel/framework/src/Illuminate/Foundation/Http/Middleware/CheckForMaintenanceMode.php(44): Illuminate\Routing\Pipeline->Illuminate\Routing\{closure}(Object(Illuminate\Http\Request))
#16 [internal function]: Illuminate\Foundation\Http\Middleware\CheckForMaintenanceMode->handle(Object(Illuminate\Http\Request), Object(Closure))
#17 /var/www/html/crm/front/vendor/laravel/framework/src/Illuminate/Pipeline/Pipeline.php(136): call_user_func_array(Array, Array)
#18 [internal function]: Illuminate\Pipeline\Pipeline->Illuminate\Pipeline\{closure}(Object(Illuminate\Http\Request))
#19 /var/www/html/crm/front/vendor/laravel/framework/src/Illuminate/Routing/Pipeline.php(32): call_user_func(Object(Closure), Object(Illuminate\Http\Request))
#20 [internal function]: Illuminate\Routing\Pipeline->Illuminate\Routing\{closure}(Object(Illuminate\Http\Request))
#21 /var/www/html/crm/front/vendor/laravel/framework/src/Illuminate/Pipeline/Pipeline.php(102): call_user_func(Object(Closure), Object(Illuminate\Http\Request))
#22 /var/www/html/crm/front/vendor/laravel/framework/src/Illuminate/Foundation/Http/Kernel.php(132): Illuminate\Pipeline\Pipeline->then(Object(Closure))
#23 /var/www/html/crm/front/vendor/laravel/framework/src/Illuminate/Foundation/Http/Kernel.php(99): Illuminate\Foundation\Http\Kernel->sendRequestThroughRouter(Object(Illuminate\Http\Request))
#24 /var/www/html/crm/front/index.php(52): Illuminate\Foundation\Http\Kernel->handle(Object(Illuminate\Http\Request))
#25 {main}  
[2020-05-21 09:59:36] production.ERROR: Symfony\Component\Debug\Exception\FatalThrowableError: Parse error: syntax error, unexpected ')', expecting variable (T_VARIABLE) in /var/www/html/crm/front/app/Http/Controllers/FrontController.php:595
Stack trace:
#0 /var/www/html/crm/front/vendor/composer/ClassLoader.php(301): Composer\Autoload\includeFile('/var/www/html/c...')
#1 [internal function]: Composer\Autoload\ClassLoader->loadClass('App\\Http\\Contro...')
#2 [internal function]: spl_autoload_call('App\\Http\\Contro...')
#3 /var/www/html/crm/front/vendor/laravel/framework/src/Illuminate/Routing/Route.php(280): ReflectionMethod->__construct('App\\Http\\Contro...', 'newsLetter')
#4 /var/www/html/crm/front/vendor/laravel/framework/src/Illuminate/Routing/Router.php(858): Illuminate\Routing\Route->signatureParameters('Illuminate\\Data...')
#5 /var/www/html/crm/front/vendor/laravel/framework/src/Illuminate/Routing/Router.php(843): Illuminate\Routing\Router->substituteImplicitBindings(Object(Illuminate\Routing\Route))
#6 /var/www/html/crm/front/vendor/laravel/framework/src/Illuminate/Routing/Router.php(826): Illuminate\Routing\Router->substituteBindings(Object(Illuminate\Routing\Route))
#7 /var/www/html/crm/front/vendor/laravel/framework/src/Illuminate/Routing/Router.php(691): Illuminate\Routing\Router->findRoute(Object(Illuminate\Http\Request))
#8 /var/www/html/crm/front/vendor/laravel/framework/src/Illuminate/Routing/Router.php(675): Illuminate\Routing\Router->dispatchToRoute(Object(Illuminate\Http\Request))
#9 /var/www/html/crm/front/vendor/laravel/framework/src/Illuminate/Foundation/Http/Kernel.php(246): Illuminate\Routing\Router->dispatch(Object(Illuminate\Http\Request))
#10 [internal function]: Illuminate\Foundation\Http\Kernel->Illuminate\Foundation\Http\{closure}(Object(Illuminate\Http\Request))
#11 /var/www/html/crm/front/vendor/laravel/framework/src/Illuminate/Routing/Pipeline.php(52): call_user_func(Object(Closure), Object(Illuminate\Http\Request))
#12 /var/www/html/crm/front/vendor/barryvdh/laravel-debugbar/src/Middleware/Debugbar.php(51): Illuminate\Routing\Pipeline->Illuminate\Routing\{closure}(Object(Illuminate\Http\Request))
#13 [internal function]: Barryvdh\Debugbar\Middleware\Debugbar->handle(Object(Illuminate\Http\Request), Object(Closure))
#14 /var/www/html/crm/front/vendor/laravel/framework/src/Illuminate/Pipeline/Pipeline.php(136): call_user_func_array(Array, Array)
#15 [internal function]: Illuminate\Pipeline\Pipeline->Illuminate\Pipeline\{closure}(Object(Illuminate\Http\Request))
#16 /var/www/html/crm/front/vendor/laravel/framework/src/Illuminate/Routing/Pipeline.php(32): call_user_func(Object(Closure), Object(Illuminate\Http\Request))
#17 /var/www/html/crm/front/vendor/laravel/framework/src/Illuminate/Foundation/Http/Middleware/CheckForMaintenanceMode.php(44): Illuminate\Routing\Pipeline->Illuminate\Routing\{closure}(Object(Illuminate\Http\Request))
#18 [internal function]: Illuminate\Foundation\Http\Middleware\CheckForMaintenanceMode->handle(Object(Illuminate\Http\Request), Object(Closure))
#19 /var/www/html/crm/front/vendor/laravel/framework/src/Illuminate/Pipeline/Pipeline.php(136): call_user_func_array(Array, Array)
#20 [internal function]: Illuminate\Pipeline\Pipeline->Illuminate\Pipeline\{closure}(Object(Illuminate\Http\Request))
#21 /var/www/html/crm/front/vendor/laravel/framework/src/Illuminate/Routing/Pipeline.php(32): call_user_func(Object(Closure), Object(Illuminate\Http\Request))
#22 [internal function]: Illuminate\Routing\Pipeline->Illuminate\Routing\{closure}(Object(Illuminate\Http\Request))
#23 /var/www/html/crm/front/vendor/laravel/framework/src/Illuminate/Pipeline/Pipeline.php(102): call_user_func(Object(Closure), Object(Illuminate\Http\Request))
#24 /var/www/html/crm/front/vendor/laravel/framework/src/Illuminate/Foundation/Http/Kernel.php(132): Illuminate\Pipeline\Pipeline->then(Object(Closure))
#25 /var/www/html/crm/front/vendor/laravel/framework/src/Illuminate/Foundation/Http/Kernel.php(99): Illuminate\Foundation\Http\Kernel->sendRequestThroughRouter(Object(Illuminate\Http\Request))
#26 /var/www/html/crm/front/index.php(52): Illuminate\Foundation\Http\Kernel->handle(Object(Illuminate\Http\Request))
#27 {main}  
[2020-05-21 09:59:36] production.ERROR: Symfony\Component\Debug\Exception\FatalThrowableError: Parse error: syntax error, unexpected ')', expecting variable (T_VARIABLE) in /var/www/html/crm/front/app/Http/Controllers/FrontController.php:595
Stack trace:
#0 /var/www/html/crm/front/vendor/composer/ClassLoader.php(301): Composer\Autoload\includeFile('/var/www/html/c...')
#1 [internal function]: Composer\Autoload\ClassLoader->loadClass('App\\Http\\Contro...')
#2 [internal function]: spl_autoload_call('App\\Http\\Contro...')
#3 /var/www/html/crm/front/vendor/barryvdh/laravel-debugbar/src/DataCollector/IlluminateRouteCollector.php(63): class_exists('App\\Http\\Contro...')
#4 /var/www/html/crm/front/vendor/barryvdh/laravel-debugbar/src/DataCollector/IlluminateRouteCollector.php(37): Barryvdh\Debugbar\DataCollector\IlluminateRouteCollector->getRouteInformation(Object(Illuminate\Routing\Route))
#5 /var/www/html/crm/front/vendor/barryvdh/laravel-debugbar/src/LaravelDebugbar.php(795): Barryvdh\Debugbar\DataCollector\IlluminateRouteCollector->collect()
#6 /var/www/html/crm/front/vendor/maximebf/debugbar/src/DebugBar/DebugBar.php(265): Barryvdh\Debugbar\LaravelDebugbar->collect()
#7 /var/www/html/crm/front/vendor/maximebf/debugbar/src/DebugBar/JavascriptRenderer.php(991): DebugBar\DebugBar->getData()
#8 /var/www/html/crm/front/vendor/barryvdh/laravel-debugbar/src/LaravelDebugbar.php(831): DebugBar\JavascriptRenderer->render()
#9 /var/www/html/crm/front/vendor/barryvdh/laravel-debugbar/src/LaravelDebugbar.php(723): Barryvdh\Debugbar\LaravelDebugbar->injectDebugbar(Object(Illuminate\Http\Response))
#10 /var/www/html/crm/front/vendor/barryvdh/laravel-debugbar/src/Middleware/Debugbar.php(60): Barryvdh\Debugbar\LaravelDebugbar->modifyResponse(Object(Illuminate\Http\Request), Object(Illuminate\Http\Response))
#11 [internal function]: Barryvdh\Debugbar\Middleware\Debugbar->handle(Object(Illuminate\Http\Request), Object(Closure))
#12 /var/www/html/crm/front/vendor/laravel/framework/src/Illuminate/Pipeline/Pipeline.php(136): call_user_func_array(Array, Array)
#13 [internal function]: Illuminate\Pipeline\Pipeline->Illuminate\Pipeline\{closure}(Object(Illuminate\Http\Request))
#14 /var/www/html/crm/front/vendor/laravel/framework/src/Illuminate/Routing/Pipeline.php(32): call_user_func(Object(Closure), Object(Illuminate\Http\Request))
#15 /var/www/html/crm/front/vendor/laravel/framework/src/Illuminate/Foundation/Http/Middleware/CheckForMaintenanceMode.php(44): Illuminate\Routing\Pipeline->Illuminate\Routing\{closure}(Object(Illuminate\Http\Request))
#16 [internal function]: Illuminate\Foundation\Http\Middleware\CheckForMaintenanceMode->handle(Object(Illuminate\Http\Request), Object(Closure))
#17 /var/www/html/crm/front/vendor/laravel/framework/src/Illuminate/Pipeline/Pipeline.php(136): call_user_func_array(Array, Array)
#18 [internal function]: Illuminate\Pipeline\Pipeline->Illuminate\Pipeline\{closure}(Object(Illuminate\Http\Request))
#19 /var/www/html/crm/front/vendor/laravel/framework/src/Illuminate/Routing/Pipeline.php(32): call_user_func(Object(Closure), Object(Illuminate\Http\Request))
#20 [internal function]: Illuminate\Routing\Pipeline->Illuminate\Routing\{closure}(Object(Illuminate\Http\Request))
#21 /var/www/html/crm/front/vendor/laravel/framework/src/Illuminate/Pipeline/Pipeline.php(102): call_user_func(Object(Closure), Object(Illuminate\Http\Request))
#22 /var/www/html/crm/front/vendor/laravel/framework/src/Illuminate/Foundation/Http/Kernel.php(132): Illuminate\Pipeline\Pipeline->then(Object(Closure))
#23 /var/www/html/crm/front/vendor/laravel/framework/src/Illuminate/Foundation/Http/Kernel.php(99): Illuminate\Foundation\Http\Kernel->sendRequestThroughRouter(Object(Illuminate\Http\Request))
#24 /var/www/html/crm/front/index.php(52): Illuminate\Foundation\Http\Kernel->handle(Object(Illuminate\Http\Request))
#25 {main}  
[2020-05-21 09:59:43] production.ERROR: Symfony\Component\Debug\Exception\FatalThrowableError: Parse error: syntax error, unexpected ')', expecting variable (T_VARIABLE) in /var/www/html/crm/front/app/Http/Controllers/FrontController.php:595
Stack trace:
#0 /var/www/html/crm/front/vendor/composer/ClassLoader.php(301): Composer\Autoload\includeFile('/var/www/html/c...')
#1 [internal function]: Composer\Autoload\ClassLoader->loadClass('App\\Http\\Contro...')
#2 [internal function]: spl_autoload_call('App\\Http\\Contro...')
#3 /var/www/html/crm/front/vendor/laravel/framework/src/Illuminate/Routing/Route.php(280): ReflectionMethod->__construct('App\\Http\\Contro...', 'newsLetter')
#4 /var/www/html/crm/front/vendor/laravel/framework/src/Illuminate/Routing/Router.php(858): Illuminate\Routing\Route->signatureParameters('Illuminate\\Data...')
#5 /var/www/html/crm/front/vendor/laravel/framework/src/Illuminate/Routing/Router.php(843): Illuminate\Routing\Router->substituteImplicitBindings(Object(Illuminate\Routing\Route))
#6 /var/www/html/crm/front/vendor/laravel/framework/src/Illuminate/Routing/Router.php(826): Illuminate\Routing\Router->substituteBindings(Object(Illuminate\Routing\Route))
#7 /var/www/html/crm/front/vendor/laravel/framework/src/Illuminate/Routing/Router.php(691): Illuminate\Routing\Router->findRoute(Object(Illuminate\Http\Request))
#8 /var/www/html/crm/front/vendor/laravel/framework/src/Illuminate/Routing/Router.php(675): Illuminate\Routing\Router->dispatchToRoute(Object(Illuminate\Http\Request))
#9 /var/www/html/crm/front/vendor/laravel/framework/src/Illuminate/Foundation/Http/Kernel.php(246): Illuminate\Routing\Router->dispatch(Object(Illuminate\Http\Request))
#10 [internal function]: Illuminate\Foundation\Http\Kernel->Illuminate\Foundation\Http\{closure}(Object(Illuminate\Http\Request))
#11 /var/www/html/crm/front/vendor/laravel/framework/src/Illuminate/Routing/Pipeline.php(52): call_user_func(Object(Closure), Object(Illuminate\Http\Request))
#12 /var/www/html/crm/front/vendor/barryvdh/laravel-debugbar/src/Middleware/Debugbar.php(51): Illuminate\Routing\Pipeline->Illuminate\Routing\{closure}(Object(Illuminate\Http\Request))
#13 [internal function]: Barryvdh\Debugbar\Middleware\Debugbar->handle(Object(Illuminate\Http\Request), Object(Closure))
#14 /var/www/html/crm/front/vendor/laravel/framework/src/Illuminate/Pipeline/Pipeline.php(136): call_user_func_array(Array, Array)
#15 [internal function]: Illuminate\Pipeline\Pipeline->Illuminate\Pipeline\{closure}(Object(Illuminate\Http\Request))
#16 /var/www/html/crm/front/vendor/laravel/framework/src/Illuminate/Routing/Pipeline.php(32): call_user_func(Object(Closure), Object(Illuminate\Http\Request))
#17 /var/www/html/crm/front/vendor/laravel/framework/src/Illuminate/Foundation/Http/Middleware/CheckForMaintenanceMode.php(44): Illuminate\Routing\Pipeline->Illuminate\Routing\{closure}(Object(Illuminate\Http\Request))
#18 [internal function]: Illuminate\Foundation\Http\Middleware\CheckForMaintenanceMode->handle(Object(Illuminate\Http\Request), Object(Closure))
#19 /var/www/html/crm/front/vendor/laravel/framework/src/Illuminate/Pipeline/Pipeline.php(136): call_user_func_array(Array, Array)
#20 [internal function]: Illuminate\Pipeline\Pipeline->Illuminate\Pipeline\{closure}(Object(Illuminate\Http\Request))
#21 /var/www/html/crm/front/vendor/laravel/framework/src/Illuminate/Routing/Pipeline.php(32): call_user_func(Object(Closure), Object(Illuminate\Http\Request))
#22 [internal function]: Illuminate\Routing\Pipeline->Illuminate\Routing\{closure}(Object(Illuminate\Http\Request))
#23 /var/www/html/crm/front/vendor/laravel/framework/src/Illuminate/Pipeline/Pipeline.php(102): call_user_func(Object(Closure), Object(Illuminate\Http\Request))
#24 /var/www/html/crm/front/vendor/laravel/framework/src/Illuminate/Foundation/Http/Kernel.php(132): Illuminate\Pipeline\Pipeline->then(Object(Closure))
#25 /var/www/html/crm/front/vendor/laravel/framework/src/Illuminate/Foundation/Http/Kernel.php(99): Illuminate\Foundation\Http\Kernel->sendRequestThroughRouter(Object(Illuminate\Http\Request))
#26 /var/www/html/crm/front/index.php(52): Illuminate\Foundation\Http\Kernel->handle(Object(Illuminate\Http\Request))
#27 {main}  
[2020-05-21 09:59:43] production.ERROR: Symfony\Component\Debug\Exception\FatalThrowableError: Parse error: syntax error, unexpected ')', expecting variable (T_VARIABLE) in /var/www/html/crm/front/app/Http/Controllers/FrontController.php:595
Stack trace:
#0 /var/www/html/crm/front/vendor/composer/ClassLoader.php(301): Composer\Autoload\includeFile('/var/www/html/c...')
#1 [internal function]: Composer\Autoload\ClassLoader->loadClass('App\\Http\\Contro...')
#2 [internal function]: spl_autoload_call('App\\Http\\Contro...')
#3 /var/www/html/crm/front/vendor/barryvdh/laravel-debugbar/src/DataCollector/IlluminateRouteCollector.php(63): class_exists('App\\Http\\Contro...')
#4 /var/www/html/crm/front/vendor/barryvdh/laravel-debugbar/src/DataCollector/IlluminateRouteCollector.php(37): Barryvdh\Debugbar\DataCollector\IlluminateRouteCollector->getRouteInformation(Object(Illuminate\Routing\Route))
#5 /var/www/html/crm/front/vendor/barryvdh/laravel-debugbar/src/LaravelDebugbar.php(795): Barryvdh\Debugbar\DataCollector\IlluminateRouteCollector->collect()
#6 /var/www/html/crm/front/vendor/maximebf/debugbar/src/DebugBar/DebugBar.php(265): Barryvdh\Debugbar\LaravelDebugbar->collect()
#7 /var/www/html/crm/front/vendor/maximebf/debugbar/src/DebugBar/JavascriptRenderer.php(991): DebugBar\DebugBar->getData()
#8 /var/www/html/crm/front/vendor/barryvdh/laravel-debugbar/src/LaravelDebugbar.php(831): DebugBar\JavascriptRenderer->render()
#9 /var/www/html/crm/front/vendor/barryvdh/laravel-debugbar/src/LaravelDebugbar.php(723): Barryvdh\Debugbar\LaravelDebugbar->injectDebugbar(Object(Illuminate\Http\Response))
#10 /var/www/html/crm/front/vendor/barryvdh/laravel-debugbar/src/Middleware/Debugbar.php(60): Barryvdh\Debugbar\LaravelDebugbar->modifyResponse(Object(Illuminate\Http\Request), Object(Illuminate\Http\Response))
#11 [internal function]: Barryvdh\Debugbar\Middleware\Debugbar->handle(Object(Illuminate\Http\Request), Object(Closure))
#12 /var/www/html/crm/front/vendor/laravel/framework/src/Illuminate/Pipeline/Pipeline.php(136): call_user_func_array(Array, Array)
#13 [internal function]: Illuminate\Pipeline\Pipeline->Illuminate\Pipeline\{closure}(Object(Illuminate\Http\Request))
#14 /var/www/html/crm/front/vendor/laravel/framework/src/Illuminate/Routing/Pipeline.php(32): call_user_func(Object(Closure), Object(Illuminate\Http\Request))
#15 /var/www/html/crm/front/vendor/laravel/framework/src/Illuminate/Foundation/Http/Middleware/CheckForMaintenanceMode.php(44): Illuminate\Routing\Pipeline->Illuminate\Routing\{closure}(Object(Illuminate\Http\Request))
#16 [internal function]: Illuminate\Foundation\Http\Middleware\CheckForMaintenanceMode->handle(Object(Illuminate\Http\Request), Object(Closure))
#17 /var/www/html/crm/front/vendor/laravel/framework/src/Illuminate/Pipeline/Pipeline.php(136): call_user_func_array(Array, Array)
#18 [internal function]: Illuminate\Pipeline\Pipeline->Illuminate\Pipeline\{closure}(Object(Illuminate\Http\Request))
#19 /var/www/html/crm/front/vendor/laravel/framework/src/Illuminate/Routing/Pipeline.php(32): call_user_func(Object(Closure), Object(Illuminate\Http\Request))
#20 [internal function]: Illuminate\Routing\Pipeline->Illuminate\Routing\{closure}(Object(Illuminate\Http\Request))
#21 /var/www/html/crm/front/vendor/laravel/framework/src/Illuminate/Pipeline/Pipeline.php(102): call_user_func(Object(Closure), Object(Illuminate\Http\Request))
#22 /var/www/html/crm/front/vendor/laravel/framework/src/Illuminate/Foundation/Http/Kernel.php(132): Illuminate\Pipeline\Pipeline->then(Object(Closure))
#23 /var/www/html/crm/front/vendor/laravel/framework/src/Illuminate/Foundation/Http/Kernel.php(99): Illuminate\Foundation\Http\Kernel->sendRequestThroughRouter(Object(Illuminate\Http\Request))
#24 /var/www/html/crm/front/index.php(52): Illuminate\Foundation\Http\Kernel->handle(Object(Illuminate\Http\Request))
#25 {main}  
[2020-05-21 10:05:47] production.ERROR: Symfony\Component\Debug\Exception\FatalThrowableError: Parse error: syntax error, unexpected '$id' (T_VARIABLE), expecting ')' in /var/www/html/crm/front/app/Http/Controllers/FrontController.php:595
Stack trace:
#0 /var/www/html/crm/front/vendor/composer/ClassLoader.php(301): Composer\Autoload\includeFile('/var/www/html/c...')
#1 [internal function]: Composer\Autoload\ClassLoader->loadClass('App\\Http\\Contro...')
#2 [internal function]: spl_autoload_call('App\\Http\\Contro...')
#3 /var/www/html/crm/front/vendor/laravel/framework/src/Illuminate/Routing/Route.php(280): ReflectionMethod->__construct('App\\Http\\Contro...', 'unsubscribe')
#4 /var/www/html/crm/front/vendor/laravel/framework/src/Illuminate/Routing/Router.php(858): Illuminate\Routing\Route->signatureParameters('Illuminate\\Data...')
#5 /var/www/html/crm/front/vendor/laravel/framework/src/Illuminate/Routing/Router.php(843): Illuminate\Routing\Router->substituteImplicitBindings(Object(Illuminate\Routing\Route))
#6 /var/www/html/crm/front/vendor/laravel/framework/src/Illuminate/Routing/Router.php(826): Illuminate\Routing\Router->substituteBindings(Object(Illuminate\Routing\Route))
#7 /var/www/html/crm/front/vendor/laravel/framework/src/Illuminate/Routing/Router.php(691): Illuminate\Routing\Router->findRoute(Object(Illuminate\Http\Request))
#8 /var/www/html/crm/front/vendor/laravel/framework/src/Illuminate/Routing/Router.php(675): Illuminate\Routing\Router->dispatchToRoute(Object(Illuminate\Http\Request))
#9 /var/www/html/crm/front/vendor/laravel/framework/src/Illuminate/Foundation/Http/Kernel.php(246): Illuminate\Routing\Router->dispatch(Object(Illuminate\Http\Request))
#10 [internal function]: Illuminate\Foundation\Http\Kernel->Illuminate\Foundation\Http\{closure}(Object(Illuminate\Http\Request))
#11 /var/www/html/crm/front/vendor/laravel/framework/src/Illuminate/Routing/Pipeline.php(52): call_user_func(Object(Closure), Object(Illuminate\Http\Request))
#12 /var/www/html/crm/front/vendor/barryvdh/laravel-debugbar/src/Middleware/Debugbar.php(51): Illuminate\Routing\Pipeline->Illuminate\Routing\{closure}(Object(Illuminate\Http\Request))
#13 [internal function]: Barryvdh\Debugbar\Middleware\Debugbar->handle(Object(Illuminate\Http\Request), Object(Closure))
#14 /var/www/html/crm/front/vendor/laravel/framework/src/Illuminate/Pipeline/Pipeline.php(136): call_user_func_array(Array, Array)
#15 [internal function]: Illuminate\Pipeline\Pipeline->Illuminate\Pipeline\{closure}(Object(Illuminate\Http\Request))
#16 /var/www/html/crm/front/vendor/laravel/framework/src/Illuminate/Routing/Pipeline.php(32): call_user_func(Object(Closure), Object(Illuminate\Http\Request))
#17 /var/www/html/crm/front/vendor/laravel/framework/src/Illuminate/Foundation/Http/Middleware/CheckForMaintenanceMode.php(44): Illuminate\Routing\Pipeline->Illuminate\Routing\{closure}(Object(Illuminate\Http\Request))
#18 [internal function]: Illuminate\Foundation\Http\Middleware\CheckForMaintenanceMode->handle(Object(Illuminate\Http\Request), Object(Closure))
#19 /var/www/html/crm/front/vendor/laravel/framework/src/Illuminate/Pipeline/Pipeline.php(136): call_user_func_array(Array, Array)
#20 [internal function]: Illuminate\Pipeline\Pipeline->Illuminate\Pipeline\{closure}(Object(Illuminate\Http\Request))
#21 /var/www/html/crm/front/vendor/laravel/framework/src/Illuminate/Routing/Pipeline.php(32): call_user_func(Object(Closure), Object(Illuminate\Http\Request))
#22 [internal function]: Illuminate\Routing\Pipeline->Illuminate\Routing\{closure}(Object(Illuminate\Http\Request))
#23 /var/www/html/crm/front/vendor/laravel/framework/src/Illuminate/Pipeline/Pipeline.php(102): call_user_func(Object(Closure), Object(Illuminate\Http\Request))
#24 /var/www/html/crm/front/vendor/laravel/framework/src/Illuminate/Foundation/Http/Kernel.php(132): Illuminate\Pipeline\Pipeline->then(Object(Closure))
#25 /var/www/html/crm/front/vendor/laravel/framework/src/Illuminate/Foundation/Http/Kernel.php(99): Illuminate\Foundation\Http\Kernel->sendRequestThroughRouter(Object(Illuminate\Http\Request))
#26 /var/www/html/crm/front/index.php(52): Illuminate\Foundation\Http\Kernel->handle(Object(Illuminate\Http\Request))
#27 {main}  
[2020-05-21 10:05:47] production.ERROR: Symfony\Component\Debug\Exception\FatalThrowableError: Parse error: syntax error, unexpected '$id' (T_VARIABLE), expecting ')' in /var/www/html/crm/front/app/Http/Controllers/FrontController.php:595
Stack trace:
#0 /var/www/html/crm/front/vendor/composer/ClassLoader.php(301): Composer\Autoload\includeFile('/var/www/html/c...')
#1 [internal function]: Composer\Autoload\ClassLoader->loadClass('App\\Http\\Contro...')
#2 [internal function]: spl_autoload_call('App\\Http\\Contro...')
#3 /var/www/html/crm/front/vendor/barryvdh/laravel-debugbar/src/DataCollector/IlluminateRouteCollector.php(63): class_exists('App\\Http\\Contro...')
#4 /var/www/html/crm/front/vendor/barryvdh/laravel-debugbar/src/DataCollector/IlluminateRouteCollector.php(37): Barryvdh\Debugbar\DataCollector\IlluminateRouteCollector->getRouteInformation(Object(Illuminate\Routing\Route))
#5 /var/www/html/crm/front/vendor/barryvdh/laravel-debugbar/src/LaravelDebugbar.php(795): Barryvdh\Debugbar\DataCollector\IlluminateRouteCollector->collect()
#6 /var/www/html/crm/front/vendor/maximebf/debugbar/src/DebugBar/DebugBar.php(265): Barryvdh\Debugbar\LaravelDebugbar->collect()
#7 /var/www/html/crm/front/vendor/maximebf/debugbar/src/DebugBar/JavascriptRenderer.php(991): DebugBar\DebugBar->getData()
#8 /var/www/html/crm/front/vendor/barryvdh/laravel-debugbar/src/LaravelDebugbar.php(831): DebugBar\JavascriptRenderer->render()
#9 /var/www/html/crm/front/vendor/barryvdh/laravel-debugbar/src/LaravelDebugbar.php(723): Barryvdh\Debugbar\LaravelDebugbar->injectDebugbar(Object(Illuminate\Http\Response))
#10 /var/www/html/crm/front/vendor/barryvdh/laravel-debugbar/src/Middleware/Debugbar.php(60): Barryvdh\Debugbar\LaravelDebugbar->modifyResponse(Object(Illuminate\Http\Request), Object(Illuminate\Http\Response))
#11 [internal function]: Barryvdh\Debugbar\Middleware\Debugbar->handle(Object(Illuminate\Http\Request), Object(Closure))
#12 /var/www/html/crm/front/vendor/laravel/framework/src/Illuminate/Pipeline/Pipeline.php(136): call_user_func_array(Array, Array)
#13 [internal function]: Illuminate\Pipeline\Pipeline->Illuminate\Pipeline\{closure}(Object(Illuminate\Http\Request))
#14 /var/www/html/crm/front/vendor/laravel/framework/src/Illuminate/Routing/Pipeline.php(32): call_user_func(Object(Closure), Object(Illuminate\Http\Request))
#15 /var/www/html/crm/front/vendor/laravel/framework/src/Illuminate/Foundation/Http/Middleware/CheckForMaintenanceMode.php(44): Illuminate\Routing\Pipeline->Illuminate\Routing\{closure}(Object(Illuminate\Http\Request))
#16 [internal function]: Illuminate\Foundation\Http\Middleware\CheckForMaintenanceMode->handle(Object(Illuminate\Http\Request), Object(Closure))
#17 /var/www/html/crm/front/vendor/laravel/framework/src/Illuminate/Pipeline/Pipeline.php(136): call_user_func_array(Array, Array)
#18 [internal function]: Illuminate\Pipeline\Pipeline->Illuminate\Pipeline\{closure}(Object(Illuminate\Http\Request))
#19 /var/www/html/crm/front/vendor/laravel/framework/src/Illuminate/Routing/Pipeline.php(32): call_user_func(Object(Closure), Object(Illuminate\Http\Request))
#20 [internal function]: Illuminate\Routing\Pipeline->Illuminate\Routing\{closure}(Object(Illuminate\Http\Request))
#21 /var/www/html/crm/front/vendor/laravel/framework/src/Illuminate/Pipeline/Pipeline.php(102): call_user_func(Object(Closure), Object(Illuminate\Http\Request))
#22 /var/www/html/crm/front/vendor/laravel/framework/src/Illuminate/Foundation/Http/Kernel.php(132): Illuminate\Pipeline\Pipeline->then(Object(Closure))
#23 /var/www/html/crm/front/vendor/laravel/framework/src/Illuminate/Foundation/Http/Kernel.php(99): Illuminate\Foundation\Http\Kernel->sendRequestThroughRouter(Object(Illuminate\Http\Request))
#24 /var/www/html/crm/front/index.php(52): Illuminate\Foundation\Http\Kernel->handle(Object(Illuminate\Http\Request))
#25 {main}  
[2020-05-21 10:06:03] production.ERROR: Symfony\Component\Debug\Exception\FatalThrowableError: Parse error: syntax error, unexpected ',' in /var/www/html/crm/front/app/Http/Controllers/FrontController.php:596
Stack trace:
#0 /var/www/html/crm/front/vendor/composer/ClassLoader.php(301): Composer\Autoload\includeFile('/var/www/html/c...')
#1 [internal function]: Composer\Autoload\ClassLoader->loadClass('App\\Http\\Contro...')
#2 [internal function]: spl_autoload_call('App\\Http\\Contro...')
#3 /var/www/html/crm/front/vendor/laravel/framework/src/Illuminate/Routing/Route.php(280): ReflectionMethod->__construct('App\\Http\\Contro...', 'unsubscribe')
#4 /var/www/html/crm/front/vendor/laravel/framework/src/Illuminate/Routing/Router.php(858): Illuminate\Routing\Route->signatureParameters('Illuminate\\Data...')
#5 /var/www/html/crm/front/vendor/laravel/framework/src/Illuminate/Routing/Router.php(843): Illuminate\Routing\Router->substituteImplicitBindings(Object(Illuminate\Routing\Route))
#6 /var/www/html/crm/front/vendor/laravel/framework/src/Illuminate/Routing/Router.php(826): Illuminate\Routing\Router->substituteBindings(Object(Illuminate\Routing\Route))
#7 /var/www/html/crm/front/vendor/laravel/framework/src/Illuminate/Routing/Router.php(691): Illuminate\Routing\Router->findRoute(Object(Illuminate\Http\Request))
#8 /var/www/html/crm/front/vendor/laravel/framework/src/Illuminate/Routing/Router.php(675): Illuminate\Routing\Router->dispatchToRoute(Object(Illuminate\Http\Request))
#9 /var/www/html/crm/front/vendor/laravel/framework/src/Illuminate/Foundation/Http/Kernel.php(246): Illuminate\Routing\Router->dispatch(Object(Illuminate\Http\Request))
#10 [internal function]: Illuminate\Foundation\Http\Kernel->Illuminate\Foundation\Http\{closure}(Object(Illuminate\Http\Request))
#11 /var/www/html/crm/front/vendor/laravel/framework/src/Illuminate/Routing/Pipeline.php(52): call_user_func(Object(Closure), Object(Illuminate\Http\Request))
#12 /var/www/html/crm/front/vendor/barryvdh/laravel-debugbar/src/Middleware/Debugbar.php(51): Illuminate\Routing\Pipeline->Illuminate\Routing\{closure}(Object(Illuminate\Http\Request))
#13 [internal function]: Barryvdh\Debugbar\Middleware\Debugbar->handle(Object(Illuminate\Http\Request), Object(Closure))
#14 /var/www/html/crm/front/vendor/laravel/framework/src/Illuminate/Pipeline/Pipeline.php(136): call_user_func_array(Array, Array)
#15 [internal function]: Illuminate\Pipeline\Pipeline->Illuminate\Pipeline\{closure}(Object(Illuminate\Http\Request))
#16 /var/www/html/crm/front/vendor/laravel/framework/src/Illuminate/Routing/Pipeline.php(32): call_user_func(Object(Closure), Object(Illuminate\Http\Request))
#17 /var/www/html/crm/front/vendor/laravel/framework/src/Illuminate/Foundation/Http/Middleware/CheckForMaintenanceMode.php(44): Illuminate\Routing\Pipeline->Illuminate\Routing\{closure}(Object(Illuminate\Http\Request))
#18 [internal function]: Illuminate\Foundation\Http\Middleware\CheckForMaintenanceMode->handle(Object(Illuminate\Http\Request), Object(Closure))
#19 /var/www/html/crm/front/vendor/laravel/framework/src/Illuminate/Pipeline/Pipeline.php(136): call_user_func_array(Array, Array)
#20 [internal function]: Illuminate\Pipeline\Pipeline->Illuminate\Pipeline\{closure}(Object(Illuminate\Http\Request))
#21 /var/www/html/crm/front/vendor/laravel/framework/src/Illuminate/Routing/Pipeline.php(32): call_user_func(Object(Closure), Object(Illuminate\Http\Request))
#22 [internal function]: Illuminate\Routing\Pipeline->Illuminate\Routing\{closure}(Object(Illuminate\Http\Request))
#23 /var/www/html/crm/front/vendor/laravel/framework/src/Illuminate/Pipeline/Pipeline.php(102): call_user_func(Object(Closure), Object(Illuminate\Http\Request))
#24 /var/www/html/crm/front/vendor/laravel/framework/src/Illuminate/Foundation/Http/Kernel.php(132): Illuminate\Pipeline\Pipeline->then(Object(Closure))
#25 /var/www/html/crm/front/vendor/laravel/framework/src/Illuminate/Foundation/Http/Kernel.php(99): Illuminate\Foundation\Http\Kernel->sendRequestThroughRouter(Object(Illuminate\Http\Request))
#26 /var/www/html/crm/front/index.php(52): Illuminate\Foundation\Http\Kernel->handle(Object(Illuminate\Http\Request))
#27 {main}  
[2020-05-21 10:06:03] production.ERROR: Symfony\Component\Debug\Exception\FatalThrowableError: Parse error: syntax error, unexpected ',' in /var/www/html/crm/front/app/Http/Controllers/FrontController.php:596
Stack trace:
#0 /var/www/html/crm/front/vendor/composer/ClassLoader.php(301): Composer\Autoload\includeFile('/var/www/html/c...')
#1 [internal function]: Composer\Autoload\ClassLoader->loadClass('App\\Http\\Contro...')
#2 [internal function]: spl_autoload_call('App\\Http\\Contro...')
#3 /var/www/html/crm/front/vendor/barryvdh/laravel-debugbar/src/DataCollector/IlluminateRouteCollector.php(63): class_exists('App\\Http\\Contro...')
#4 /var/www/html/crm/front/vendor/barryvdh/laravel-debugbar/src/DataCollector/IlluminateRouteCollector.php(37): Barryvdh\Debugbar\DataCollector\IlluminateRouteCollector->getRouteInformation(Object(Illuminate\Routing\Route))
#5 /var/www/html/crm/front/vendor/barryvdh/laravel-debugbar/src/LaravelDebugbar.php(795): Barryvdh\Debugbar\DataCollector\IlluminateRouteCollector->collect()
#6 /var/www/html/crm/front/vendor/maximebf/debugbar/src/DebugBar/DebugBar.php(265): Barryvdh\Debugbar\LaravelDebugbar->collect()
#7 /var/www/html/crm/front/vendor/maximebf/debugbar/src/DebugBar/JavascriptRenderer.php(991): DebugBar\DebugBar->getData()
#8 /var/www/html/crm/front/vendor/barryvdh/laravel-debugbar/src/LaravelDebugbar.php(831): DebugBar\JavascriptRenderer->render()
#9 /var/www/html/crm/front/vendor/barryvdh/laravel-debugbar/src/LaravelDebugbar.php(723): Barryvdh\Debugbar\LaravelDebugbar->injectDebugbar(Object(Illuminate\Http\Response))
#10 /var/www/html/crm/front/vendor/barryvdh/laravel-debugbar/src/Middleware/Debugbar.php(60): Barryvdh\Debugbar\LaravelDebugbar->modifyResponse(Object(Illuminate\Http\Request), Object(Illuminate\Http\Response))
#11 [internal function]: Barryvdh\Debugbar\Middleware\Debugbar->handle(Object(Illuminate\Http\Request), Object(Closure))
#12 /var/www/html/crm/front/vendor/laravel/framework/src/Illuminate/Pipeline/Pipeline.php(136): call_user_func_array(Array, Array)
#13 [internal function]: Illuminate\Pipeline\Pipeline->Illuminate\Pipeline\{closure}(Object(Illuminate\Http\Request))
#14 /var/www/html/crm/front/vendor/laravel/framework/src/Illuminate/Routing/Pipeline.php(32): call_user_func(Object(Closure), Object(Illuminate\Http\Request))
#15 /var/www/html/crm/front/vendor/laravel/framework/src/Illuminate/Foundation/Http/Middleware/CheckForMaintenanceMode.php(44): Illuminate\Routing\Pipeline->Illuminate\Routing\{closure}(Object(Illuminate\Http\Request))
#16 [internal function]: Illuminate\Foundation\Http\Middleware\CheckForMaintenanceMode->handle(Object(Illuminate\Http\Request), Object(Closure))
#17 /var/www/html/crm/front/vendor/laravel/framework/src/Illuminate/Pipeline/Pipeline.php(136): call_user_func_array(Array, Array)
#18 [internal function]: Illuminate\Pipeline\Pipeline->Illuminate\Pipeline\{closure}(Object(Illuminate\Http\Request))
#19 /var/www/html/crm/front/vendor/laravel/framework/src/Illuminate/Routing/Pipeline.php(32): call_user_func(Object(Closure), Object(Illuminate\Http\Request))
#20 [internal function]: Illuminate\Routing\Pipeline->Illuminate\Routing\{closure}(Object(Illuminate\Http\Request))
#21 /var/www/html/crm/front/vendor/laravel/framework/src/Illuminate/Pipeline/Pipeline.php(102): call_user_func(Object(Closure), Object(Illuminate\Http\Request))
#22 /var/www/html/crm/front/vendor/laravel/framework/src/Illuminate/Foundation/Http/Kernel.php(132): Illuminate\Pipeline\Pipeline->then(Object(Closure))
#23 /var/www/html/crm/front/vendor/laravel/framework/src/Illuminate/Foundation/Http/Kernel.php(99): Illuminate\Foundation\Http\Kernel->sendRequestThroughRouter(Object(Illuminate\Http\Request))
#24 /var/www/html/crm/front/index.php(52): Illuminate\Foundation\Http\Kernel->handle(Object(Illuminate\Http\Request))
#25 {main}  
