[2020-04-22 10:01:53] production.ERROR: ErrorException: Function create_function() is deprecated in /var/www/html/crm/admin/vendor/dompdf/dompdf/include/text_frame_reflower.cls.php:376
Stack trace:
#0 /var/www/html/crm/admin/vendor/dompdf/dompdf/include/text_frame_reflower.cls.php(376): Illuminate\Foundation\Bootstrap\HandleExceptions->handleError(8192, 'Function create...', '/var/www/html/c...', 376, Array)
#1 /var/www/html/crm/admin/vendor/dompdf/dompdf/include/inline_positioner.cls.php(59): Text_Frame_Reflower->get_min_max_width()
#2 /var/www/html/crm/admin/vendor/dompdf/dompdf/include/frame_decorator.cls.php(700): Inline_Positioner->position()
#3 /var/www/html/crm/admin/vendor/dompdf/dompdf/include/text_frame_reflower.cls.php(330): Frame_Decorator->position()
#4 /var/www/html/crm/admin/vendor/dompdf/dompdf/include/frame_decorator.cls.php(711): Text_Frame_Reflower->reflow(Object(Block_Frame_Decorator))
#5 /var/www/html/crm/admin/vendor/dompdf/dompdf/include/inline_frame_reflower.cls.php(63): Frame_Decorator->reflow(Object(Block_Frame_Decorator))
#6 /var/www/html/crm/admin/vendor/dompdf/dompdf/include/frame_decorator.cls.php(711): Inline_Frame_Reflower->reflow(Object(Block_Frame_Decorator))
#7 /var/www/html/crm/admin/vendor/dompdf/dompdf/include/block_frame_reflower.cls.php(750): Frame_Decorator->reflow(Object(Block_Frame_Decorator))
#8 /var/www/html/crm/admin/vendor/dompdf/dompdf/include/frame_decorator.cls.php(711): Block_Frame_Reflower->reflow(Object(Block_Frame_Decorator))
#9 /var/www/html/crm/admin/vendor/dompdf/dompdf/include/block_frame_reflower.cls.php(750): Frame_Decorator->reflow(Object(Block_Frame_Decorator))
#10 /var/www/html/crm/admin/vendor/dompdf/dompdf/include/frame_decorator.cls.php(711): Block_Frame_Reflower->reflow(NULL)
#11 /var/www/html/crm/admin/vendor/dompdf/dompdf/include/page_frame_reflower.cls.php(123): Frame_Decorator->reflow()
#12 /var/www/html/crm/admin/vendor/dompdf/dompdf/include/frame_decorator.cls.php(711): Page_Frame_Reflower->reflow(NULL)
#13 /var/www/html/crm/admin/vendor/dompdf/dompdf/include/dompdf.cls.php(973): Frame_Decorator->reflow()
#14 /var/www/html/crm/admin/vendor/barryvdh/laravel-dompdf/src/PDF.php(208): DOMPDF->render()
#15 /var/www/html/crm/admin/vendor/barryvdh/laravel-dompdf/src/PDF.php(154): Barryvdh\DomPDF\PDF->render()
#16 /var/www/html/crm/admin/vendor/barryvdh/laravel-dompdf/src/PDF.php(177): Barryvdh\DomPDF\PDF->output()
#17 /var/www/html/crm/admin/vendor/optimait/laravel/src/Services/PdfExport/PdfExportService.php(108): Barryvdh\DomPDF\PDF->download('ORD-38478-15875...')
#18 /var/www/html/crm/admin/app/Http/Controllers/Admin/OrdersController.php(435): Optimait\Laravel\Services\PdfExport\PdfExportService->stream()
#19 [internal function]: App\Http\Controllers\Admin\OrdersController->getDownload(Object(Optimait\Laravel\Services\PdfExport\PdfExportService), 1982)
#20 /var/www/html/crm/admin/vendor/laravel/framework/src/Illuminate/Routing/Controller.php(80): call_user_func_array(Array, Array)
#21 /var/www/html/crm/admin/vendor/laravel/framework/src/Illuminate/Routing/ControllerDispatcher.php(146): Illuminate\Routing\Controller->callAction('getDownload', Array)
#22 /var/www/html/crm/admin/vendor/laravel/framework/src/Illuminate/Routing/ControllerDispatcher.php(94): Illuminate\Routing\ControllerDispatcher->call(Object(App\Http\Controllers\Admin\OrdersController), Object(Illuminate\Routing\Route), 'getDownload')
#23 [internal function]: Illuminate\Routing\ControllerDispatcher->Illuminate\Routing\{closure}(Object(Illuminate\Http\Request))
#24 /var/www/html/crm/admin/vendor/laravel/framework/src/Illuminate/Routing/Pipeline.php(52): call_user_func(Object(Closure), Object(Illuminate\Http\Request))
#25 [internal function]: Illuminate\Routing\Pipeline->Illuminate\Routing\{closure}(Object(Illuminate\Http\Request))
#26 /var/www/html/crm/admin/vendor/laravel/framework/src/Illuminate/Pipeline/Pipeline.php(102): call_user_func(Object(Closure), Object(Illuminate\Http\Request))
#27 /var/www/html/crm/admin/vendor/laravel/framework/src/Illuminate/Routing/ControllerDispatcher.php(96): Illuminate\Pipeline\Pipeline->then(Object(Closure))
#28 /var/www/html/crm/admin/vendor/laravel/framework/src/Illuminate/Routing/ControllerDispatcher.php(54): Illuminate\Routing\ControllerDispatcher->callWithinStack(Object(App\Http\Controllers\Admin\OrdersController), Object(Illuminate\Routing\Route), Object(Illuminate\Http\Request), 'getDownload')
#29 /var/www/html/crm/admin/vendor/laravel/framework/src/Illuminate/Routing/Route.php(174): Illuminate\Routing\ControllerDispatcher->dispatch(Object(Illuminate\Routing\Route), Object(Illuminate\Http\Request), 'App\\Http\\Contro...', 'getDownload')
#30 /var/www/html/crm/admin/vendor/laravel/framework/src/Illuminate/Routing/Route.php(140): Illuminate\Routing\Route->runController(Object(Illuminate\Http\Request))
#31 /var/www/html/crm/admin/vendor/laravel/framework/src/Illuminate/Routing/Router.php(724): Illuminate\Routing\Route->run(Object(Illuminate\Http\Request))
#32 [internal function]: Illuminate\Routing\Router->Illuminate\Routing\{closure}(Object(Illuminate\Http\Request))
#33 /var/www/html/crm/admin/vendor/laravel/framework/src/Illuminate/Routing/Pipeline.php(52): call_user_func(Object(Closure), Object(Illuminate\Http\Request))
#34 /var/www/html/crm/admin/app/Http/Middleware/Authenticate.php(35): Illuminate\Routing\Pipeline->Illuminate\Routing\{closure}(Object(Illuminate\Http\Request))
#35 [internal function]: App\Http\Middleware\Authenticate->handle(Object(Illuminate\Http\Request), Object(Closure))
#36 /var/www/html/crm/admin/vendor/laravel/framework/src/Illuminate/Pipeline/Pipeline.php(136): call_user_func_array(Array, Array)
#37 [internal function]: Illuminate\Pipeline\Pipeline->Illuminate\Pipeline\{closure}(Object(Illuminate\Http\Request))
#38 /var/www/html/crm/admin/vendor/laravel/framework/src/Illuminate/Routing/Pipeline.php(32): call_user_func(Object(Closure), Object(Illuminate\Http\Request))
#39 /var/www/html/crm/admin/vendor/laravel/framework/src/Illuminate/View/Middleware/ShareErrorsFromSession.php(49): Illuminate\Routing\Pipeline->Illuminate\Routing\{closure}(Object(Illuminate\Http\Request))
#40 [internal function]: Illuminate\View\Middleware\ShareErrorsFromSession->handle(Object(Illuminate\Http\Request), Object(Closure))
#41 /var/www/html/crm/admin/vendor/laravel/framework/src/Illuminate/Pipeline/Pipeline.php(136): call_user_func_array(Array, Array)
#42 [internal function]: Illuminate\Pipeline\Pipeline->Illuminate\Pipeline\{closure}(Object(Illuminate\Http\Request))
#43 /var/www/html/crm/admin/vendor/laravel/framework/src/Illuminate/Routing/Pipeline.php(32): call_user_func(Object(Closure), Object(Illuminate\Http\Request))
#44 /var/www/html/crm/admin/vendor/laravel/framework/src/Illuminate/Session/Middleware/StartSession.php(64): Illuminate\Routing\Pipeline->Illuminate\Routing\{closure}(Object(Illuminate\Http\Request))
#45 [internal function]: Illuminate\Session\Middleware\StartSession->handle(Object(Illuminate\Http\Request), Object(Closure))
#46 /var/www/html/crm/admin/vendor/laravel/framework/src/Illuminate/Pipeline/Pipeline.php(136): call_user_func_array(Array, Array)
#47 [internal function]: Illuminate\Pipeline\Pipeline->Illuminate\Pipeline\{closure}(Object(Illuminate\Http\Request))
#48 /var/www/html/crm/admin/vendor/laravel/framework/src/Illuminate/Routing/Pipeline.php(32): call_user_func(Object(Closure), Object(Illuminate\Http\Request))
#49 /var/www/html/crm/admin/vendor/laravel/framework/src/Illuminate/Cookie/Middleware/AddQueuedCookiesToResponse.php(37): Illuminate\Routing\Pipeline->Illuminate\Routing\{closure}(Object(Illuminate\Http\Request))
#50 [internal function]: Illuminate\Cookie\Middleware\AddQueuedCookiesToResponse->handle(Object(Illuminate\Http\Request), Object(Closure))
#51 /var/www/html/crm/admin/vendor/laravel/framework/src/Illuminate/Pipeline/Pipeline.php(136): call_user_func_array(Array, Array)
#52 [internal function]: Illuminate\Pipeline\Pipeline->Illuminate\Pipeline\{closure}(Object(Illuminate\Http\Request))
#53 /var/www/html/crm/admin/vendor/laravel/framework/src/Illuminate/Routing/Pipeline.php(32): call_user_func(Object(Closure), Object(Illuminate\Http\Request))
#54 /var/www/html/crm/admin/vendor/laravel/framework/src/Illuminate/Cookie/Middleware/EncryptCookies.php(59): Illuminate\Routing\Pipeline->Illuminate\Routing\{closure}(Object(Illuminate\Http\Request))
#55 [internal function]: Illuminate\Cookie\Middleware\EncryptCookies->handle(Object(Illuminate\Http\Request), Object(Closure))
#56 /var/www/html/crm/admin/vendor/laravel/framework/src/Illuminate/Pipeline/Pipeline.php(136): call_user_func_array(Array, Array)
#57 [internal function]: Illuminate\Pipeline\Pipeline->Illuminate\Pipeline\{closure}(Object(Illuminate\Http\Request))
#58 /var/www/html/crm/admin/vendor/laravel/framework/src/Illuminate/Routing/Pipeline.php(32): call_user_func(Object(Closure), Object(Illuminate\Http\Request))
#59 [internal function]: Illuminate\Routing\Pipeline->Illuminate\Routing\{closure}(Object(Illuminate\Http\Request))
#60 /var/www/html/crm/admin/vendor/laravel/framework/src/Illuminate/Pipeline/Pipeline.php(102): call_user_func(Object(Closure), Object(Illuminate\Http\Request))
#61 /var/www/html/crm/admin/vendor/laravel/framework/src/Illuminate/Routing/Router.php(726): Illuminate\Pipeline\Pipeline->then(Object(Closure))
#62 /var/www/html/crm/admin/vendor/laravel/framework/src/Illuminate/Routing/Router.php(699): Illuminate\Routing\Router->runRouteWithinStack(Object(Illuminate\Routing\Route), Object(Illuminate\Http\Request))
#63 /var/www/html/crm/admin/vendor/laravel/framework/src/Illuminate/Routing/Router.php(675): Illuminate\Routing\Router->dispatchToRoute(Object(Illuminate\Http\Request))
#64 /var/www/html/crm/admin/vendor/laravel/framework/src/Illuminate/Foundation/Http/Kernel.php(246): Illuminate\Routing\Router->dispatch(Object(Illuminate\Http\Request))
#65 [internal function]: Illuminate\Foundation\Http\Kernel->Illuminate\Foundation\Http\{closure}(Object(Illuminate\Http\Request))
#66 /var/www/html/crm/admin/vendor/laravel/framework/src/Illuminate/Routing/Pipeline.php(52): call_user_func(Object(Closure), Object(Illuminate\Http\Request))
#67 /var/www/html/crm/admin/vendor/barryvdh/laravel-debugbar/src/Middleware/Debugbar.php(51): Illuminate\Routing\Pipeline->Illuminate\Routing\{closure}(Object(Illuminate\Http\Request))
#68 [internal function]: Barryvdh\Debugbar\Middleware\Debugbar->handle(Object(Illuminate\Http\Request), Object(Closure))
#69 /var/www/html/crm/admin/vendor/laravel/framework/src/Illuminate/Pipeline/Pipeline.php(136): call_user_func_array(Array, Array)
#70 [internal function]: Illuminate\Pipeline\Pipeline->Illuminate\Pipeline\{closure}(Object(Illuminate\Http\Request))
#71 /var/www/html/crm/admin/vendor/laravel/framework/src/Illuminate/Routing/Pipeline.php(32): call_user_func(Object(Closure), Object(Illuminate\Http\Request))
#72 /var/www/html/crm/admin/vendor/laravel/framework/src/Illuminate/Foundation/Http/Middleware/CheckForMaintenanceMode.php(44): Illuminate\Routing\Pipeline->Illuminate\Routing\{closure}(Object(Illuminate\Http\Request))
#73 [internal function]: Illuminate\Foundation\Http\Middleware\CheckForMaintenanceMode->handle(Object(Illuminate\Http\Request), Object(Closure))
#74 /var/www/html/crm/admin/vendor/laravel/framework/src/Illuminate/Pipeline/Pipeline.php(136): call_user_func_array(Array, Array)
#75 [internal function]: Illuminate\Pipeline\Pipeline->Illuminate\Pipeline\{closure}(Object(Illuminate\Http\Request))
#76 /var/www/html/crm/admin/vendor/laravel/framework/src/Illuminate/Routing/Pipeline.php(32): call_user_func(Object(Closure), Object(Illuminate\Http\Request))
#77 [internal function]: Illuminate\Routing\Pipeline->Illuminate\Routing\{closure}(Object(Illuminate\Http\Request))
#78 /var/www/html/crm/admin/vendor/laravel/framework/src/Illuminate/Pipeline/Pipeline.php(102): call_user_func(Object(Closure), Object(Illuminate\Http\Request))
#79 /var/www/html/crm/admin/vendor/laravel/framework/src/Illuminate/Foundation/Http/Kernel.php(132): Illuminate\Pipeline\Pipeline->then(Object(Closure))
#80 /var/www/html/crm/admin/vendor/laravel/framework/src/Illuminate/Foundation/Http/Kernel.php(99): Illuminate\Foundation\Http\Kernel->sendRequestThroughRouter(Object(Illuminate\Http\Request))
#81 /var/www/html/crm/admin/public/index.php(52): Illuminate\Foundation\Http\Kernel->handle(Object(Illuminate\Http\Request))
#82 {main}  
[2020-04-22 10:02:19] production.ERROR: ErrorException: Function create_function() is deprecated in /var/www/html/crm/admin/vendor/dompdf/dompdf/include/text_frame_reflower.cls.php:376
Stack trace:
#0 /var/www/html/crm/admin/vendor/dompdf/dompdf/include/text_frame_reflower.cls.php(376): Illuminate\Foundation\Bootstrap\HandleExceptions->handleError(8192, 'Function create...', '/var/www/html/c...', 376, Array)
#1 /var/www/html/crm/admin/vendor/dompdf/dompdf/include/inline_positioner.cls.php(59): Text_Frame_Reflower->get_min_max_width()
#2 /var/www/html/crm/admin/vendor/dompdf/dompdf/include/frame_decorator.cls.php(700): Inline_Positioner->position()
#3 /var/www/html/crm/admin/vendor/dompdf/dompdf/include/text_frame_reflower.cls.php(330): Frame_Decorator->position()
#4 /var/www/html/crm/admin/vendor/dompdf/dompdf/include/frame_decorator.cls.php(711): Text_Frame_Reflower->reflow(Object(Block_Frame_Decorator))
#5 /var/www/html/crm/admin/vendor/dompdf/dompdf/include/inline_frame_reflower.cls.php(63): Frame_Decorator->reflow(Object(Block_Frame_Decorator))
#6 /var/www/html/crm/admin/vendor/dompdf/dompdf/include/frame_decorator.cls.php(711): Inline_Frame_Reflower->reflow(Object(Block_Frame_Decorator))
#7 /var/www/html/crm/admin/vendor/dompdf/dompdf/include/block_frame_reflower.cls.php(750): Frame_Decorator->reflow(Object(Block_Frame_Decorator))
#8 /var/www/html/crm/admin/vendor/dompdf/dompdf/include/frame_decorator.cls.php(711): Block_Frame_Reflower->reflow(Object(Block_Frame_Decorator))
#9 /var/www/html/crm/admin/vendor/dompdf/dompdf/include/block_frame_reflower.cls.php(750): Frame_Decorator->reflow(Object(Block_Frame_Decorator))
#10 /var/www/html/crm/admin/vendor/dompdf/dompdf/include/frame_decorator.cls.php(711): Block_Frame_Reflower->reflow(NULL)
#11 /var/www/html/crm/admin/vendor/dompdf/dompdf/include/page_frame_reflower.cls.php(123): Frame_Decorator->reflow()
#12 /var/www/html/crm/admin/vendor/dompdf/dompdf/include/frame_decorator.cls.php(711): Page_Frame_Reflower->reflow(NULL)
#13 /var/www/html/crm/admin/vendor/dompdf/dompdf/include/dompdf.cls.php(973): Frame_Decorator->reflow()
#14 /var/www/html/crm/admin/vendor/barryvdh/laravel-dompdf/src/PDF.php(208): DOMPDF->render()
#15 /var/www/html/crm/admin/vendor/barryvdh/laravel-dompdf/src/PDF.php(154): Barryvdh\DomPDF\PDF->render()
#16 /var/www/html/crm/admin/vendor/barryvdh/laravel-dompdf/src/PDF.php(177): Barryvdh\DomPDF\PDF->output()
#17 /var/www/html/crm/admin/vendor/optimait/laravel/src/Services/PdfExport/PdfExportService.php(108): Barryvdh\DomPDF\PDF->download('IID-3687.pdf')
#18 /var/www/html/crm/admin/app/Http/Controllers/Admin/InvoicesController.php(373): Optimait\Laravel\Services\PdfExport\PdfExportService->stream()
#19 [internal function]: App\Http\Controllers\Admin\InvoicesController->getDownload(Object(Optimait\Laravel\Services\PdfExport\PdfExportService), 707)
#20 /var/www/html/crm/admin/vendor/laravel/framework/src/Illuminate/Routing/Controller.php(80): call_user_func_array(Array, Array)
#21 /var/www/html/crm/admin/vendor/laravel/framework/src/Illuminate/Routing/ControllerDispatcher.php(146): Illuminate\Routing\Controller->callAction('getDownload', Array)
#22 /var/www/html/crm/admin/vendor/laravel/framework/src/Illuminate/Routing/ControllerDispatcher.php(94): Illuminate\Routing\ControllerDispatcher->call(Object(App\Http\Controllers\Admin\InvoicesController), Object(Illuminate\Routing\Route), 'getDownload')
#23 [internal function]: Illuminate\Routing\ControllerDispatcher->Illuminate\Routing\{closure}(Object(Illuminate\Http\Request))
#24 /var/www/html/crm/admin/vendor/laravel/framework/src/Illuminate/Routing/Pipeline.php(52): call_user_func(Object(Closure), Object(Illuminate\Http\Request))
#25 [internal function]: Illuminate\Routing\Pipeline->Illuminate\Routing\{closure}(Object(Illuminate\Http\Request))
#26 /var/www/html/crm/admin/vendor/laravel/framework/src/Illuminate/Pipeline/Pipeline.php(102): call_user_func(Object(Closure), Object(Illuminate\Http\Request))
#27 /var/www/html/crm/admin/vendor/laravel/framework/src/Illuminate/Routing/ControllerDispatcher.php(96): Illuminate\Pipeline\Pipeline->then(Object(Closure))
#28 /var/www/html/crm/admin/vendor/laravel/framework/src/Illuminate/Routing/ControllerDispatcher.php(54): Illuminate\Routing\ControllerDispatcher->callWithinStack(Object(App\Http\Controllers\Admin\InvoicesController), Object(Illuminate\Routing\Route), Object(Illuminate\Http\Request), 'getDownload')
#29 /var/www/html/crm/admin/vendor/laravel/framework/src/Illuminate/Routing/Route.php(174): Illuminate\Routing\ControllerDispatcher->dispatch(Object(Illuminate\Routing\Route), Object(Illuminate\Http\Request), 'App\\Http\\Contro...', 'getDownload')
#30 /var/www/html/crm/admin/vendor/laravel/framework/src/Illuminate/Routing/Route.php(140): Illuminate\Routing\Route->runController(Object(Illuminate\Http\Request))
#31 /var/www/html/crm/admin/vendor/laravel/framework/src/Illuminate/Routing/Router.php(724): Illuminate\Routing\Route->run(Object(Illuminate\Http\Request))
#32 [internal function]: Illuminate\Routing\Router->Illuminate\Routing\{closure}(Object(Illuminate\Http\Request))
#33 /var/www/html/crm/admin/vendor/laravel/framework/src/Illuminate/Routing/Pipeline.php(52): call_user_func(Object(Closure), Object(Illuminate\Http\Request))
#34 /var/www/html/crm/admin/app/Http/Middleware/Authenticate.php(35): Illuminate\Routing\Pipeline->Illuminate\Routing\{closure}(Object(Illuminate\Http\Request))
#35 [internal function]: App\Http\Middleware\Authenticate->handle(Object(Illuminate\Http\Request), Object(Closure))
#36 /var/www/html/crm/admin/vendor/laravel/framework/src/Illuminate/Pipeline/Pipeline.php(136): call_user_func_array(Array, Array)
#37 [internal function]: Illuminate\Pipeline\Pipeline->Illuminate\Pipeline\{closure}(Object(Illuminate\Http\Request))
#38 /var/www/html/crm/admin/vendor/laravel/framework/src/Illuminate/Routing/Pipeline.php(32): call_user_func(Object(Closure), Object(Illuminate\Http\Request))
#39 /var/www/html/crm/admin/vendor/laravel/framework/src/Illuminate/View/Middleware/ShareErrorsFromSession.php(49): Illuminate\Routing\Pipeline->Illuminate\Routing\{closure}(Object(Illuminate\Http\Request))
#40 [internal function]: Illuminate\View\Middleware\ShareErrorsFromSession->handle(Object(Illuminate\Http\Request), Object(Closure))
#41 /var/www/html/crm/admin/vendor/laravel/framework/src/Illuminate/Pipeline/Pipeline.php(136): call_user_func_array(Array, Array)
#42 [internal function]: Illuminate\Pipeline\Pipeline->Illuminate\Pipeline\{closure}(Object(Illuminate\Http\Request))
#43 /var/www/html/crm/admin/vendor/laravel/framework/src/Illuminate/Routing/Pipeline.php(32): call_user_func(Object(Closure), Object(Illuminate\Http\Request))
#44 /var/www/html/crm/admin/vendor/laravel/framework/src/Illuminate/Session/Middleware/StartSession.php(64): Illuminate\Routing\Pipeline->Illuminate\Routing\{closure}(Object(Illuminate\Http\Request))
#45 [internal function]: Illuminate\Session\Middleware\StartSession->handle(Object(Illuminate\Http\Request), Object(Closure))
#46 /var/www/html/crm/admin/vendor/laravel/framework/src/Illuminate/Pipeline/Pipeline.php(136): call_user_func_array(Array, Array)
#47 [internal function]: Illuminate\Pipeline\Pipeline->Illuminate\Pipeline\{closure}(Object(Illuminate\Http\Request))
#48 /var/www/html/crm/admin/vendor/laravel/framework/src/Illuminate/Routing/Pipeline.php(32): call_user_func(Object(Closure), Object(Illuminate\Http\Request))
#49 /var/www/html/crm/admin/vendor/laravel/framework/src/Illuminate/Cookie/Middleware/AddQueuedCookiesToResponse.php(37): Illuminate\Routing\Pipeline->Illuminate\Routing\{closure}(Object(Illuminate\Http\Request))
#50 [internal function]: Illuminate\Cookie\Middleware\AddQueuedCookiesToResponse->handle(Object(Illuminate\Http\Request), Object(Closure))
#51 /var/www/html/crm/admin/vendor/laravel/framework/src/Illuminate/Pipeline/Pipeline.php(136): call_user_func_array(Array, Array)
#52 [internal function]: Illuminate\Pipeline\Pipeline->Illuminate\Pipeline\{closure}(Object(Illuminate\Http\Request))
#53 /var/www/html/crm/admin/vendor/laravel/framework/src/Illuminate/Routing/Pipeline.php(32): call_user_func(Object(Closure), Object(Illuminate\Http\Request))
#54 /var/www/html/crm/admin/vendor/laravel/framework/src/Illuminate/Cookie/Middleware/EncryptCookies.php(59): Illuminate\Routing\Pipeline->Illuminate\Routing\{closure}(Object(Illuminate\Http\Request))
#55 [internal function]: Illuminate\Cookie\Middleware\EncryptCookies->handle(Object(Illuminate\Http\Request), Object(Closure))
#56 /var/www/html/crm/admin/vendor/laravel/framework/src/Illuminate/Pipeline/Pipeline.php(136): call_user_func_array(Array, Array)
#57 [internal function]: Illuminate\Pipeline\Pipeline->Illuminate\Pipeline\{closure}(Object(Illuminate\Http\Request))
#58 /var/www/html/crm/admin/vendor/laravel/framework/src/Illuminate/Routing/Pipeline.php(32): call_user_func(Object(Closure), Object(Illuminate\Http\Request))
#59 [internal function]: Illuminate\Routing\Pipeline->Illuminate\Routing\{closure}(Object(Illuminate\Http\Request))
#60 /var/www/html/crm/admin/vendor/laravel/framework/src/Illuminate/Pipeline/Pipeline.php(102): call_user_func(Object(Closure), Object(Illuminate\Http\Request))
#61 /var/www/html/crm/admin/vendor/laravel/framework/src/Illuminate/Routing/Router.php(726): Illuminate\Pipeline\Pipeline->then(Object(Closure))
#62 /var/www/html/crm/admin/vendor/laravel/framework/src/Illuminate/Routing/Router.php(699): Illuminate\Routing\Router->runRouteWithinStack(Object(Illuminate\Routing\Route), Object(Illuminate\Http\Request))
#63 /var/www/html/crm/admin/vendor/laravel/framework/src/Illuminate/Routing/Router.php(675): Illuminate\Routing\Router->dispatchToRoute(Object(Illuminate\Http\Request))
#64 /var/www/html/crm/admin/vendor/laravel/framework/src/Illuminate/Foundation/Http/Kernel.php(246): Illuminate\Routing\Router->dispatch(Object(Illuminate\Http\Request))
#65 [internal function]: Illuminate\Foundation\Http\Kernel->Illuminate\Foundation\Http\{closure}(Object(Illuminate\Http\Request))
#66 /var/www/html/crm/admin/vendor/laravel/framework/src/Illuminate/Routing/Pipeline.php(52): call_user_func(Object(Closure), Object(Illuminate\Http\Request))
#67 /var/www/html/crm/admin/vendor/barryvdh/laravel-debugbar/src/Middleware/Debugbar.php(51): Illuminate\Routing\Pipeline->Illuminate\Routing\{closure}(Object(Illuminate\Http\Request))
#68 [internal function]: Barryvdh\Debugbar\Middleware\Debugbar->handle(Object(Illuminate\Http\Request), Object(Closure))
#69 /var/www/html/crm/admin/vendor/laravel/framework/src/Illuminate/Pipeline/Pipeline.php(136): call_user_func_array(Array, Array)
#70 [internal function]: Illuminate\Pipeline\Pipeline->Illuminate\Pipeline\{closure}(Object(Illuminate\Http\Request))
#71 /var/www/html/crm/admin/vendor/laravel/framework/src/Illuminate/Routing/Pipeline.php(32): call_user_func(Object(Closure), Object(Illuminate\Http\Request))
#72 /var/www/html/crm/admin/vendor/laravel/framework/src/Illuminate/Foundation/Http/Middleware/CheckForMaintenanceMode.php(44): Illuminate\Routing\Pipeline->Illuminate\Routing\{closure}(Object(Illuminate\Http\Request))
#73 [internal function]: Illuminate\Foundation\Http\Middleware\CheckForMaintenanceMode->handle(Object(Illuminate\Http\Request), Object(Closure))
#74 /var/www/html/crm/admin/vendor/laravel/framework/src/Illuminate/Pipeline/Pipeline.php(136): call_user_func_array(Array, Array)
#75 [internal function]: Illuminate\Pipeline\Pipeline->Illuminate\Pipeline\{closure}(Object(Illuminate\Http\Request))
#76 /var/www/html/crm/admin/vendor/laravel/framework/src/Illuminate/Routing/Pipeline.php(32): call_user_func(Object(Closure), Object(Illuminate\Http\Request))
#77 [internal function]: Illuminate\Routing\Pipeline->Illuminate\Routing\{closure}(Object(Illuminate\Http\Request))
#78 /var/www/html/crm/admin/vendor/laravel/framework/src/Illuminate/Pipeline/Pipeline.php(102): call_user_func(Object(Closure), Object(Illuminate\Http\Request))
#79 /var/www/html/crm/admin/vendor/laravel/framework/src/Illuminate/Foundation/Http/Kernel.php(132): Illuminate\Pipeline\Pipeline->then(Object(Closure))
#80 /var/www/html/crm/admin/vendor/laravel/framework/src/Illuminate/Foundation/Http/Kernel.php(99): Illuminate\Foundation\Http\Kernel->sendRequestThroughRouter(Object(Illuminate\Http\Request))
#81 /var/www/html/crm/admin/public/index.php(52): Illuminate\Foundation\Http\Kernel->handle(Object(Illuminate\Http\Request))
#82 {main}  
